0 info it worked if it ends with ok
1 verbose cli [ 'node', '/usr/local/bin/npm', '-g', 'install', 'jekyll' ]
2 info using npm@1.4.28
3 info using node@v0.10.32
4 verbose cache add [ 'jekyll', null ]
5 verbose cache add name=undefined spec="jekyll" args=["jekyll",null]
6 verbose parsed url { protocol: null,
6 verbose parsed url   slashes: null,
6 verbose parsed url   auth: null,
6 verbose parsed url   host: null,
6 verbose parsed url   port: null,
6 verbose parsed url   hostname: null,
6 verbose parsed url   hash: null,
6 verbose parsed url   search: null,
6 verbose parsed url   query: null,
6 verbose parsed url   pathname: 'jekyll',
6 verbose parsed url   path: 'jekyll',
6 verbose parsed url   href: 'jekyll' }
7 silly lockFile bfc0b666-jekyll jekyll
8 verbose lock jekyll /Users/twa-MacAir/.npm/bfc0b666-jekyll.lock
9 silly lockFile bfc0b666-jekyll jekyll
10 silly lockFile bfc0b666-jekyll jekyll
11 verbose addNamed [ 'jekyll', '' ]
12 verbose addNamed [ null, '*' ]
13 silly lockFile c8fd568e-jekyll jekyll@
14 verbose lock jekyll@ /Users/twa-MacAir/.npm/c8fd568e-jekyll.lock
15 silly addNameRange { name: 'jekyll', range: '*', hasData: false }
16 verbose request where is /jekyll
17 verbose request registry https://registry.npmjs.org/
18 verbose request id bbdcc7e5ea99e4ac
19 verbose url raw /jekyll
20 verbose url resolving [ 'https://registry.npmjs.org/', './jekyll' ]
21 verbose url resolved https://registry.npmjs.org/jekyll
22 verbose request where is https://registry.npmjs.org/jekyll
23 info trying registry request attempt 1 at 21:31:54
24 http GET https://registry.npmjs.org/jekyll
25 http 404 https://registry.npmjs.org/jekyll
26 verbose headers { date: 'Wed, 01 Oct 2014 01:31:55 GMT',
26 verbose headers   server: 'CouchDB/1.5.0 (Erlang OTP/R16B03)',
26 verbose headers   'content-type': 'application/json',
26 verbose headers   'cache-control': 'max-age=0',
26 verbose headers   'content-length': '52',
26 verbose headers   'accept-ranges': 'bytes',
26 verbose headers   via: '1.1 varnish',
26 verbose headers   age: '0',
26 verbose headers   'x-served-by': 'cache-jfk1027-JFK',
26 verbose headers   'x-cache': 'MISS',
26 verbose headers   'x-cache-hits': '0',
26 verbose headers   'x-timer': 'S1412127115.168970,VS0,VE85',
26 verbose headers   'keep-alive': 'timeout=10, max=50',
26 verbose headers   connection: 'Keep-Alive' }
27 silly registry.get cb [ 404,
27 silly registry.get   { date: 'Wed, 01 Oct 2014 01:31:55 GMT',
27 silly registry.get     server: 'CouchDB/1.5.0 (Erlang OTP/R16B03)',
27 silly registry.get     'content-type': 'application/json',
27 silly registry.get     'cache-control': 'max-age=0',
27 silly registry.get     'content-length': '52',
27 silly registry.get     'accept-ranges': 'bytes',
27 silly registry.get     via: '1.1 varnish',
27 silly registry.get     age: '0',
27 silly registry.get     'x-served-by': 'cache-jfk1027-JFK',
27 silly registry.get     'x-cache': 'MISS',
27 silly registry.get     'x-cache-hits': '0',
27 silly registry.get     'x-timer': 'S1412127115.168970,VS0,VE85',
27 silly registry.get     'keep-alive': 'timeout=10, max=50',
27 silly registry.get     connection: 'Keep-Alive' } ]
28 silly lockFile c8fd568e-jekyll jekyll@
29 silly lockFile c8fd568e-jekyll jekyll@
30 error 404 404 Not Found: jekyll
30 error 404
30 error 404 'jekyll' is not in the npm registry.
30 error 404 You should bug the author to publish it
30 error 404
30 error 404 Note that you can also install from a
30 error 404 tarball, folder, or http url, or git url.
31 error System Darwin 13.3.0
32 error command "node" "/usr/local/bin/npm" "-g" "install" "jekyll"
33 error cwd /Applications/MAMP/htdocs/william-index.github.io/css
34 error node -v v0.10.32
35 error npm -v 1.4.28
36 error code E404
37 verbose exit [ 1, true ]
